<?xml version="1.0" encoding="UTF-8"?>
<testsuite xmlns:xsi="http://www.w3.org/2001/XMLSchema-instance" xsi:noNamespaceSchemaLocation="https://maven.apache.org/surefire/maven-surefire-plugin/xsd/surefire-test-report.xsd" name="TestSuite" time="99.222" tests="5" errors="0" skipped="0" failures="1">
  <properties>
[...]
</properties>
  <testcase name="feature" classname="MyRunner.TestRunnerFreeCRM" time="11.96"/>
  <testcase name="feature" classname="MyRunner.TestRunnerGoogle" time="26.991"/>
  <testcase name="feature" classname="MyRunner.TestRunnerAutomationPractice" time="21.145"/>
  <testcase name="feature" classname="MyRunner.TestRunnerAutomationPractice" time="15.301"/>
  <testcase name="feature" classname="MyRunner.TestRunnerAutomationPractice" time="22.037">
    <failure message="org.openqa.selenium.NoSuchElementException: no such element: Unable to locate element: {&quot;method&quot;:&quot;xpath&quot;,&quot;selector&quot;:&quot;//div[1]/div[1]/header/div[2]/div/div/nav/div[1]/a/span&quot;}&#10;  (Session info: chrome=69.0.3497.100)&#10;  (Driver info: chromedriver=2.42.591088 (7b2b2dca23cca0862f674758c9a3933e685c27d5),platform=Windows NT 10.0.17134 x86_64) (WARNING: The server did not provide any stacktrace information)&#10;Command duration or timeout: 0 milliseconds&#10;For documentation on this error, please visit: http://seleniumhq.org/exceptions/no_such_element.html&#10;Build info: version: &apos;3.14.0&apos;, revision: &apos;aacccce0&apos;, time: &apos;2018-08-02T20:19:58.91Z&apos;&#10;System info: host: &apos;LHWA5CD6191GC9&apos;, ip: &apos;10.250.250.23&apos;, os.name: &apos;Windows 10&apos;, os.arch: &apos;amd64&apos;, os.version: &apos;10.0&apos;, java.version: &apos;1.8.0_181&apos;&#10;Driver info: org.openqa.selenium.chrome.ChromeDriver&#10;Capabilities {acceptInsecureCerts: false, acceptSslCerts: false, applicationCacheEnabled: false, browserConnectionEnabled: false, browserName: chrome, chrome: {chromedriverVersion: 2.42.591088 (7b2b2dca23cca0..., userDataDir: C:\Users\PIOTR~1.SKO\AppDat...}, cssSelectorsEnabled: true, databaseEnabled: false, goog:chromeOptions: {debuggerAddress: localhost:52651}, handlesAlerts: true, hasTouchScreen: false, javascriptEnabled: true, locationContextEnabled: true, mobileEmulationEnabled: false, nativeEvents: true, networkConnectionEnabled: false, pageLoadStrategy: normal, platform: XP, platformName: XP, rotatable: false, setWindowRect: true, takesHeapSnapshot: true, takesScreenshot: true, unexpectedAlertBehaviour: , unhandledPromptBehavior: , version: 69.0.3497.100, webStorageEnabled: true}&#10;Session ID: cb389070b5175cf8f4bf2904c8571ab9&#10;*** Element info: {Using=xpath, value=//div[1]/div[1]/header/div[2]/div/div/nav/div[1]/a/span}" type="cucumber.runtime.CucumberException">cucumber.runtime.CucumberException: 
org.openqa.selenium.NoSuchElementException: no such element: Unable to locate element: {"method":"xpath","selector":"//div[1]/div[1]/header/div[2]/div/div/nav/div[1]/a/span"}
  (Session info: chrome=69.0.3497.100)
  (Driver info: chromedriver=2.42.591088 (7b2b2dca23cca0862f674758c9a3933e685c27d5),platform=Windows NT 10.0.17134 x86_64) (WARNING: The server did not provide any stacktrace information)
Command duration or timeout: 0 milliseconds
For documentation on this error, please visit: http://seleniumhq.org/exceptions/no_such_element.html
Build info: version: '3.14.0', revision: 'aacccce0', time: '2018-08-02T20:19:58.91Z'
System info: host: 'LHWA5CD6191GC9', ip: '10.250.250.23', os.name: 'Windows 10', os.arch: 'amd64', os.version: '10.0', java.version: '1.8.0_181'
Driver info: org.openqa.selenium.chrome.ChromeDriver
Capabilities {acceptInsecureCerts: false, acceptSslCerts: false, applicationCacheEnabled: false, browserConnectionEnabled: false, browserName: chrome, chrome: {chromedriverVersion: 2.42.591088 (7b2b2dca23cca0..., userDataDir: C:\Users\PIOTR~1.SKO\AppDat...}, cssSelectorsEnabled: true, databaseEnabled: false, goog:chromeOptions: {debuggerAddress: localhost:52651}, handlesAlerts: true, hasTouchScreen: false, javascriptEnabled: true, locationContextEnabled: true, mobileEmulationEnabled: false, nativeEvents: true, networkConnectionEnabled: false, pageLoadStrategy: normal, platform: XP, platformName: XP, rotatable: false, setWindowRect: true, takesHeapSnapshot: true, takesScreenshot: true, unexpectedAlertBehaviour: , unhandledPromptBehavior: , version: 69.0.3497.100, webStorageEnabled: true}
Session ID: cb389070b5175cf8f4bf2904c8571ab9
*** Element info: {Using=xpath, value=//div[1]/div[1]/header/div[2]/div/div/nav/div[1]/a/span}
	at MyRunner.TestRunnerAutomationPractice.feature(TestRunnerAutomationPractice.java:32)
Caused by: org.openqa.selenium.NoSuchElementException: 
no such element: Unable to locate element: {"method":"xpath","selector":"//div[1]/div[1]/header/div[2]/div/div/nav/div[1]/a/span"}
  (Session info: chrome=69.0.3497.100)
  (Driver info: chromedriver=2.42.591088 (7b2b2dca23cca0862f674758c9a3933e685c27d5),platform=Windows NT 10.0.17134 x86_64) (WARNING: The server did not provide any stacktrace information)
Command duration or timeout: 0 milliseconds
For documentation on this error, please visit: http://seleniumhq.org/exceptions/no_such_element.html
Build info: version: '3.14.0', revision: 'aacccce0', time: '2018-08-02T20:19:58.91Z'
System info: host: 'LHWA5CD6191GC9', ip: '10.250.250.23', os.name: 'Windows 10', os.arch: 'amd64', os.version: '10.0', java.version: '1.8.0_181'
Driver info: org.openqa.selenium.chrome.ChromeDriver
Capabilities {acceptInsecureCerts: false, acceptSslCerts: false, applicationCacheEnabled: false, browserConnectionEnabled: false, browserName: chrome, chrome: {chromedriverVersion: 2.42.591088 (7b2b2dca23cca0..., userDataDir: C:\Users\PIOTR~1.SKO\AppDat...}, cssSelectorsEnabled: true, databaseEnabled: false, goog:chromeOptions: {debuggerAddress: localhost:52651}, handlesAlerts: true, hasTouchScreen: false, javascriptEnabled: true, locationContextEnabled: true, mobileEmulationEnabled: false, nativeEvents: true, networkConnectionEnabled: false, pageLoadStrategy: normal, platform: XP, platformName: XP, rotatable: false, setWindowRect: true, takesHeapSnapshot: true, takesScreenshot: true, unexpectedAlertBehaviour: , unhandledPromptBehavior: , version: 69.0.3497.100, webStorageEnabled: true}
Session ID: cb389070b5175cf8f4bf2904c8571ab9
*** Element info: {Using=xpath, value=//div[1]/div[1]/header/div[2]/div/div/nav/div[1]/a/span}
</failure>
    <system-out><![CDATA[Feature: Log in to account and go to user history orders

  Background: Log in to account and go to user order history page                            &amp#27;[90m# userHistoryAutomationPractice.feature:3&amp#27;[0m
    &amp#27;[32mGiven &amp#27;[0m&amp#27;[32muser is on automation practice web page&amp#27;[0m                                            &amp#27;[90m# LoginAutomationPracticeStepDefinition.open_automation_practice_webpage()&amp#27;[0m
    &amp#27;[32mWhen &amp#27;[0m&amp#27;[32muser click link text 'Sign In'&amp#27;[0m                                                      &amp#27;[90m# LoginAutomationPracticeStepDefinition.click_link_sign_in()&amp#27;[0m
    &amp#27;[32mThen &amp#27;[0m&amp#27;[32muser fill text fields with username "&amp#27;[0m&amp#27;[32m&amp#27;[1mpetr_84@interia.pl&amp#27;[0m&amp#27;[32m" and password "&amp#27;[0m&amp#27;[32m&amp#27;[1mAnastazy123&amp#27;[0m&amp#27;[32m"&amp#27;[0m &amp#27;[90m# LoginAutomationPracticeStepDefinition.fill_username_and_password(String,String)&amp#27;[0m
    &amp#27;[32mThen &amp#27;[0m&amp#27;[32muser click button sign in&amp#27;[0m                                                           &amp#27;[90m# LoginAutomationPracticeStepDefinition.click_button_signin()&amp#27;[0m
    &amp#27;[32mThen &amp#27;[0m&amp#27;[32muser check is logged in&amp#27;[0m                                                             &amp#27;[90m# LoginAutomationPracticeStepDefinition.check_user_logged()&amp#27;[0m

  Scenario: User check history order page                &amp#27;[90m# userHistoryAutomationPractice.feature:11&amp#27;[0m
    &amp#27;[31mGiven &amp#27;[0m&amp#27;[31muser is logged in to account&amp#27;[0m                   &amp#27;[90m# viewOrdHistAutomPractStepDefinition.user_logged_in_account()&amp#27;[0m
      &amp#27;[31morg.openqa.selenium.NoSuchElementException: no such element: Unable to locate element: {"method":"xpath","selector":"//div[1]/div[1]/header/div[2]/div/div/nav/div[1]/a/span"}
        (Session info: chrome=69.0.3497.100)
        (Driver info: chromedriver=2.42.591088 (7b2b2dca23cca0862f674758c9a3933e685c27d5),platform=Windows NT 10.0.17134 x86_64) (WARNING: The server did not provide any stacktrace information)
      Command duration or timeout: 0 milliseconds
      For documentation on this error, please visit: http://seleniumhq.org/exceptions/no_such_element.html
      Build info: version: '3.14.0', revision: 'aacccce0', time: '2018-08-02T20:19:58.91Z'
      System info: host: 'LHWA5CD6191GC9', ip: '10.250.250.23', os.name: 'Windows 10', os.arch: 'amd64', os.version: '10.0', java.version: '1.8.0_181'
      Driver info: org.openqa.selenium.chrome.ChromeDriver
      Capabilities {acceptInsecureCerts: false, acceptSslCerts: false, applicationCacheEnabled: false, browserConnectionEnabled: false, browserName: chrome, chrome: {chromedriverVersion: 2.42.591088 (7b2b2dca23cca0..., userDataDir: C:\Users\PIOTR~1.SKO\AppDat...}, cssSelectorsEnabled: true, databaseEnabled: false, goog:chromeOptions: {debuggerAddress: localhost:52651}, handlesAlerts: true, hasTouchScreen: false, javascriptEnabled: true, locationContextEnabled: true, mobileEmulationEnabled: false, nativeEvents: true, networkConnectionEnabled: false, pageLoadStrategy: normal, platform: XP, platformName: XP, rotatable: false, setWindowRect: true, takesHeapSnapshot: true, takesScreenshot: true, unexpectedAlertBehaviour: , unhandledPromptBehavior: , version: 69.0.3497.100, webStorageEnabled: true}
      Session ID: cb389070b5175cf8f4bf2904c8571ab9
      *** Element info: {Using=xpath, value=//div[1]/div[1]/header/div[2]/div/div/nav/div[1]/a/span}
      	at sun.reflect.NativeConstructorAccessorImpl.newInstance0(Native Method)
      	at sun.reflect.NativeConstructorAccessorImpl.newInstance(NativeConstructorAccessorImpl.java:62)
      	at sun.reflect.DelegatingConstructorAccessorImpl.newInstance(DelegatingConstructorAccessorImpl.java:45)
      	at java.lang.reflect.Constructor.newInstance(Constructor.java:423)
      	at org.openqa.selenium.remote.ErrorHandler.createThrowable(ErrorHandler.java:214)
      	at org.openqa.selenium.remote.ErrorHandler.throwIfResponseFailed(ErrorHandler.java:166)
      	at org.openqa.selenium.remote.http.JsonHttpResponseCodec.reconstructValue(JsonHttpResponseCodec.java:40)
      	at org.openqa.selenium.remote.http.AbstractHttpResponseCodec.decode(AbstractHttpResponseCodec.java:80)
      	at org.openqa.selenium.remote.http.AbstractHttpResponseCodec.decode(AbstractHttpResponseCodec.java:44)
      	at org.openqa.selenium.remote.HttpCommandExecutor.execute(HttpCommandExecutor.java:158)
      	at org.openqa.selenium.remote.service.DriverCommandExecutor.execute(DriverCommandExecutor.java:83)
      	at org.openqa.selenium.remote.RemoteWebDriver.execute(RemoteWebDriver.java:548)
      	at org.openqa.selenium.remote.RemoteWebDriver.findElement(RemoteWebDriver.java:322)
      	at org.openqa.selenium.remote.RemoteWebDriver.findElementByXPath(RemoteWebDriver.java:424)
      	at org.openqa.selenium.By$ByXPath.findElement(By.java:353)
      	at org.openqa.selenium.remote.RemoteWebDriver.findElement(RemoteWebDriver.java:314)
      	at org.openqa.selenium.support.pagefactory.DefaultElementLocator.findElement(DefaultElementLocator.java:69)
      	at org.openqa.selenium.support.pagefactory.internal.LocatingElementHandler.invoke(LocatingElementHandler.java:38)
      	at com.sun.proxy.$Proxy17.getText(Unknown Source)
      	at pageObjects.UserAccountPage.getUserNameNSurname(UserAccountPage.java:40)
      	at stepDefinitions.viewOrdHistAutomPractStepDefinition.user_logged_in_account(viewOrdHistAutomPractStepDefinition.java:26)
      	at ?.Given user is logged in to account(userHistoryAutomationPractice.feature:13)
      &amp#27;[0m
    &amp#27;[36mWhen &amp#27;[0m&amp#27;[36muser click link to history order&amp#27;[0m                &amp#27;[90m# viewOrdHistAutomPractStepDefinition.user_click_link_order_history()&amp#27;[0m
    &amp#27;[36mThen &amp#27;[0m&amp#27;[36muser see page history order&amp#27;[0m                     &amp#27;[90m# viewOrdHistAutomPractStepDefinition.user_view_order_history_page()&amp#27;[0m
    &amp#27;[36mThen &amp#27;[0m&amp#27;[36muser come back to main account page and log out&amp#27;[0m &amp#27;[90m# viewOrdHistAutomPractStepDefinition.come_back_main_account_and_log_out()&amp#27;[0m
]]></system-out>
    <system-err><![CDATA[Starting ChromeDriver 2.42.591088 (7b2b2dca23cca0862f674758c9a3933e685c27d5) on port 22887
Only local connections are allowed.
paź 02, 2018 10:48:21 AM org.openqa.selenium.remote.ProtocolHandshake createSession
INFO: Detected dialect: OSS
Starting ChromeDriver 2.42.591088 (7b2b2dca23cca0862f674758c9a3933e685c27d5) on port 1648
Only local connections are allowed.
paź 02, 2018 10:48:39 AM org.openqa.selenium.remote.ProtocolHandshake createSession
INFO: Detected dialect: OSS
]]></system-err>
  </testcase>
</testsuite>