<?xml version="1.0" encoding="UTF-8"?>
<testng-results skipped="0" failed="1" ignored="0" total="5" passed="4">
  <reporter-output>
  </reporter-output>
  <suite name="BDD Test Suite" duration-ms="97585" started-at="2018-10-02T08:47:02Z" finished-at="2018-10-02T08:48:40Z">
    <groups>
      <group name="cucumber">
        <method signature="TestRunnerAutomationPractice.feature(cucumber.api.testng.CucumberFeatureWrapper)[pri:0, instance:MyRunner.TestRunnerAutomationPractice@7c0e2abd]" name="feature" class="MyRunner.TestRunnerAutomationPractice"/>
        <method signature="TestRunnerFreeCRM.feature(cucumber.api.testng.CucumberFeatureWrapper)[pri:0, instance:MyRunner.TestRunnerFreeCRM@4de8b406]" name="feature" class="MyRunner.TestRunnerFreeCRM"/>
        <method signature="TestRunnerGoogle.feature(cucumber.api.testng.CucumberFeatureWrapper)[pri:0, instance:MyRunner.TestRunnerGoogle@3c756e4d]" name="feature" class="MyRunner.TestRunnerGoogle"/>
      </group> <!-- cucumber -->
    </groups>
    <test name="Workshop Sample" duration-ms="97585" started-at="2018-10-02T08:47:02Z" finished-at="2018-10-02T08:48:40Z">
      <class name="MyRunner.TestRunnerGoogle">
        <test-method status="PASS" signature="setUpClass()[pri:0, instance:MyRunner.TestRunnerGoogle@3c756e4d]" name="setUpClass" is-config="true" duration-ms="56" started-at="2018-10-02T08:47:15Z" finished-at="2018-10-02T08:47:15Z">
          <reporter-output>
          </reporter-output>
        </test-method> <!-- setUpClass -->
        <test-method status="PASS" signature="feature(cucumber.api.testng.CucumberFeatureWrapper)[pri:0, instance:MyRunner.TestRunnerGoogle@3c756e4d]" name="feature" duration-ms="26947" started-at="2018-10-02T08:47:15Z" description="Runs Cucumber Feature" data-provider="features" finished-at="2018-10-02T08:47:42Z">
          <params>
            <param index="0">
              <value>
                <![CDATA[Google search feature]]>
              </value>
            </param>
          </params>
          <reporter-output>
          </reporter-output>
        </test-method> <!-- feature -->
        <test-method status="PASS" signature="tearDownClass()[pri:0, instance:MyRunner.TestRunnerGoogle@3c756e4d]" name="tearDownClass" is-config="true" duration-ms="118" started-at="2018-10-02T08:47:42Z" finished-at="2018-10-02T08:47:42Z">
          <reporter-output>
          </reporter-output>
        </test-method> <!-- tearDownClass -->
      </class> <!-- MyRunner.TestRunnerGoogle -->
      <class name="MyRunner.TestRunnerFreeCRM">
        <test-method status="PASS" signature="setUpClass()[pri:0, instance:MyRunner.TestRunnerFreeCRM@4de8b406]" name="setUpClass" is-config="true" duration-ms="280" started-at="2018-10-02T08:47:02Z" finished-at="2018-10-02T08:47:03Z">
          <reporter-output>
          </reporter-output>
        </test-method> <!-- setUpClass -->
        <test-method status="PASS" signature="feature(cucumber.api.testng.CucumberFeatureWrapper)[pri:0, instance:MyRunner.TestRunnerFreeCRM@4de8b406]" name="feature" duration-ms="11911" started-at="2018-10-02T08:47:03Z" description="Runs Cucumber Feature" data-provider="features" finished-at="2018-10-02T08:47:15Z">
          <params>
            <param index="0">
              <value>
                <![CDATA[Free CRM Login Feature]]>
              </value>
            </param>
          </params>
          <reporter-output>
          </reporter-output>
        </test-method> <!-- feature -->
        <test-method status="PASS" signature="tearDownClass()[pri:0, instance:MyRunner.TestRunnerFreeCRM@4de8b406]" name="tearDownClass" is-config="true" duration-ms="133" started-at="2018-10-02T08:47:15Z" finished-at="2018-10-02T08:47:15Z">
          <reporter-output>
          </reporter-output>
        </test-method> <!-- tearDownClass -->
      </class> <!-- MyRunner.TestRunnerFreeCRM -->
      <class name="MyRunner.TestRunnerAutomationPractice">
        <test-method status="PASS" signature="setUpClass()[pri:0, instance:MyRunner.TestRunnerAutomationPractice@7c0e2abd]" name="setUpClass" is-config="true" duration-ms="26" started-at="2018-10-02T08:47:42Z" finished-at="2018-10-02T08:47:42Z">
          <reporter-output>
          </reporter-output>
        </test-method> <!-- setUpClass -->
        <test-method status="PASS" signature="feature(cucumber.api.testng.CucumberFeatureWrapper)[pri:0, instance:MyRunner.TestRunnerAutomationPractice@7c0e2abd]" name="feature" duration-ms="20857" started-at="2018-10-02T08:47:42Z" description="Runs Cucumber Feature" data-provider="features" finished-at="2018-10-02T08:48:03Z">
          <params>
            <param index="0">
              <value>
                <![CDATA[Register new user in Automation Practice web page]]>
              </value>
            </param>
          </params>
          <reporter-output>
          </reporter-output>
        </test-method> <!-- feature -->
        <test-method status="PASS" signature="feature(cucumber.api.testng.CucumberFeatureWrapper)[pri:0, instance:MyRunner.TestRunnerAutomationPractice@7c0e2abd]" name="feature" duration-ms="15506" started-at="2018-10-02T08:48:03Z" description="Runs Cucumber Feature" data-provider="features" finished-at="2018-10-02T08:48:18Z">
          <params>
            <param index="0">
              <value>
                <![CDATA[Log in to my account on automation practice]]>
              </value>
            </param>
          </params>
          <reporter-output>
          </reporter-output>
        </test-method> <!-- feature -->
        <test-method status="FAIL" signature="feature(cucumber.api.testng.CucumberFeatureWrapper)[pri:0, instance:MyRunner.TestRunnerAutomationPractice@7c0e2abd]" name="feature" duration-ms="21138" started-at="2018-10-02T08:48:18Z" description="Runs Cucumber Feature" data-provider="features" finished-at="2018-10-02T08:48:40Z">
          <params>
            <param index="0">
              <value>
                <![CDATA[Log in to account and go to user history orders]]>
              </value>
            </param>
          </params>
          <exception class="cucumber.runtime.CucumberException">
            <message>
              <![CDATA[org.openqa.selenium.NoSuchElementException: no such element: Unable to locate element: {"method":"xpath","selector":"//div[1]/div[1]/header/div[2]/div/div/nav/div[1]/a/span"}
  (Session info: chrome=69.0.3497.100)
  (Driver info: chromedriver=2.42.591088 (7b2b2dca23cca0862f674758c9a3933e685c27d5),platform=Windows NT 10.0.17134 x86_64) (WARNING: The server did not provide any stacktrace information)
Command duration or timeout: 0 milliseconds
For documentation on this error, please visit: http://seleniumhq.org/exceptions/no_such_element.html
Build info: version: '3.14.0', revision: 'aacccce0', time: '2018-08-02T20:19:58.91Z'
System info: host: 'LHWA5CD6191GC9', ip: '10.250.250.23', os.name: 'Windows 10', os.arch: 'amd64', os.version: '10.0', java.version: '1.8.0_181'
Driver info: org.openqa.selenium.chrome.ChromeDriver
Capabilities {acceptInsecureCerts: false, acceptSslCerts: false, applicationCacheEnabled: false, browserConnectionEnabled: false, browserName: chrome, chrome: {chromedriverVersion: 2.42.591088 (7b2b2dca23cca0..., userDataDir: C:\Users\PIOTR~1.SKO\AppDat...}, cssSelectorsEnabled: true, databaseEnabled: false, goog:chromeOptions: {debuggerAddress: localhost:52651}, handlesAlerts: true, hasTouchScreen: false, javascriptEnabled: true, locationContextEnabled: true, mobileEmulationEnabled: false, nativeEvents: true, networkConnectionEnabled: false, pageLoadStrategy: normal, platform: XP, platformName: XP, rotatable: false, setWindowRect: true, takesHeapSnapshot: true, takesScreenshot: true, unexpectedAlertBehaviour: , unhandledPromptBehavior: , version: 69.0.3497.100, webStorageEnabled: true}
Session ID: cb389070b5175cf8f4bf2904c8571ab9
*** Element info: {Using=xpath, value=//div[1]/div[1]/header/div[2]/div/div/nav/div[1]/a/span}]]>
            </message>
            <full-stacktrace>
              <![CDATA[cucumber.runtime.CucumberException: org.openqa.selenium.NoSuchElementException: no such element: Unable to locate element: {"method":"xpath","selector":"//div[1]/div[1]/header/div[2]/div/div/nav/div[1]/a/span"}
  (Session info: chrome=69.0.3497.100)
  (Driver info: chromedriver=2.42.591088 (7b2b2dca23cca0862f674758c9a3933e685c27d5),platform=Windows NT 10.0.17134 x86_64) (WARNING: The server did not provide any stacktrace information)
Command duration or timeout: 0 milliseconds
For documentation on this error, please visit: http://seleniumhq.org/exceptions/no_such_element.html
Build info: version: '3.14.0', revision: 'aacccce0', time: '2018-08-02T20:19:58.91Z'
System info: host: 'LHWA5CD6191GC9', ip: '10.250.250.23', os.name: 'Windows 10', os.arch: 'amd64', os.version: '10.0', java.version: '1.8.0_181'
Driver info: org.openqa.selenium.chrome.ChromeDriver
Capabilities {acceptInsecureCerts: false, acceptSslCerts: false, applicationCacheEnabled: false, browserConnectionEnabled: false, browserName: chrome, chrome: {chromedriverVersion: 2.42.591088 (7b2b2dca23cca0..., userDataDir: C:\Users\PIOTR~1.SKO\AppDat...}, cssSelectorsEnabled: true, databaseEnabled: false, goog:chromeOptions: {debuggerAddress: localhost:52651}, handlesAlerts: true, hasTouchScreen: false, javascriptEnabled: true, locationContextEnabled: true, mobileEmulationEnabled: false, nativeEvents: true, networkConnectionEnabled: false, pageLoadStrategy: normal, platform: XP, platformName: XP, rotatable: false, setWindowRect: true, takesHeapSnapshot: true, takesScreenshot: true, unexpectedAlertBehaviour: , unhandledPromptBehavior: , version: 69.0.3497.100, webStorageEnabled: true}
Session ID: cb389070b5175cf8f4bf2904c8571ab9
*** Element info: {Using=xpath, value=//div[1]/div[1]/header/div[2]/div/div/nav/div[1]/a/span}
at cucumber.api.testng.TestNGCucumberRunner.runCucumber(TestNGCucumberRunner.java:69)
at MyRunner.TestRunnerAutomationPractice.feature(TestRunnerAutomationPractice.java:32)
at sun.reflect.NativeMethodAccessorImpl.invoke0(Native Method)
at sun.reflect.NativeMethodAccessorImpl.invoke(NativeMethodAccessorImpl.java:62)
at sun.reflect.DelegatingMethodAccessorImpl.invoke(DelegatingMethodAccessorImpl.java:43)
at java.lang.reflect.Method.invoke(Method.java:498)
at org.testng.internal.MethodInvocationHelper.invokeMethod(MethodInvocationHelper.java:124)
at org.testng.internal.Invoker.invokeMethod(Invoker.java:583)
at org.testng.internal.Invoker.invokeTestMethod(Invoker.java:719)
at org.testng.internal.Invoker.invokeTestMethods(Invoker.java:989)
at org.testng.internal.TestMethodWorker.invokeTestMethods(TestMethodWorker.java:125)
at org.testng.internal.TestMethodWorker.run(TestMethodWorker.java:109)
at org.testng.TestRunner.privateRun(TestRunner.java:648)
at org.testng.TestRunner.run(TestRunner.java:505)
at org.testng.SuiteRunner.runTest(SuiteRunner.java:455)
at org.testng.SuiteRunner.access$000(SuiteRunner.java:40)
at org.testng.SuiteRunner$SuiteWorker.run(SuiteRunner.java:489)
at org.testng.internal.thread.ThreadUtil$1.call(ThreadUtil.java:52)
at java.util.concurrent.FutureTask.run(FutureTask.java:266)
at java.util.concurrent.ThreadPoolExecutor.runWorker(ThreadPoolExecutor.java:1149)
at java.util.concurrent.ThreadPoolExecutor$Worker.run(ThreadPoolExecutor.java:624)
at java.lang.Thread.run(Thread.java:748)
Caused by: org.openqa.selenium.NoSuchElementException: no such element: Unable to locate element: {"method":"xpath","selector":"//div[1]/div[1]/header/div[2]/div/div/nav/div[1]/a/span"}
  (Session info: chrome=69.0.3497.100)
  (Driver info: chromedriver=2.42.591088 (7b2b2dca23cca0862f674758c9a3933e685c27d5),platform=Windows NT 10.0.17134 x86_64) (WARNING: The server did not provide any stacktrace information)
Command duration or timeout: 0 milliseconds
For documentation on this error, please visit: http://seleniumhq.org/exceptions/no_such_element.html
Build info: version: '3.14.0', revision: 'aacccce0', time: '2018-08-02T20:19:58.91Z'
System info: host: 'LHWA5CD6191GC9', ip: '10.250.250.23', os.name: 'Windows 10', os.arch: 'amd64', os.version: '10.0', java.version: '1.8.0_181'
Driver info: org.openqa.selenium.chrome.ChromeDriver
Capabilities {acceptInsecureCerts: false, acceptSslCerts: false, applicationCacheEnabled: false, browserConnectionEnabled: false, browserName: chrome, chrome: {chromedriverVersion: 2.42.591088 (7b2b2dca23cca0..., userDataDir: C:\Users\PIOTR~1.SKO\AppDat...}, cssSelectorsEnabled: true, databaseEnabled: false, goog:chromeOptions: {debuggerAddress: localhost:52651}, handlesAlerts: true, hasTouchScreen: false, javascriptEnabled: true, locationContextEnabled: true, mobileEmulationEnabled: false, nativeEvents: true, networkConnectionEnabled: false, pageLoadStrategy: normal, platform: XP, platformName: XP, rotatable: false, setWindowRect: true, takesHeapSnapshot: true, takesScreenshot: true, unexpectedAlertBehaviour: , unhandledPromptBehavior: , version: 69.0.3497.100, webStorageEnabled: true}
Session ID: cb389070b5175cf8f4bf2904c8571ab9
*** Element info: {Using=xpath, value=//div[1]/div[1]/header/div[2]/div/div/nav/div[1]/a/span}
at sun.reflect.NativeConstructorAccessorImpl.newInstance0(Native Method)
at sun.reflect.NativeConstructorAccessorImpl.newInstance(NativeConstructorAccessorImpl.java:62)
at sun.reflect.DelegatingConstructorAccessorImpl.newInstance(DelegatingConstructorAccessorImpl.java:45)
at java.lang.reflect.Constructor.newInstance(Constructor.java:423)
at org.openqa.selenium.remote.ErrorHandler.createThrowable(ErrorHandler.java:214)
at org.openqa.selenium.remote.ErrorHandler.throwIfResponseFailed(ErrorHandler.java:166)
at org.openqa.selenium.remote.http.JsonHttpResponseCodec.reconstructValue(JsonHttpResponseCodec.java:40)
at org.openqa.selenium.remote.http.AbstractHttpResponseCodec.decode(AbstractHttpResponseCodec.java:80)
at org.openqa.selenium.remote.http.AbstractHttpResponseCodec.decode(AbstractHttpResponseCodec.java:44)
at org.openqa.selenium.remote.HttpCommandExecutor.execute(HttpCommandExecutor.java:158)
at org.openqa.selenium.remote.service.DriverCommandExecutor.execute(DriverCommandExecutor.java:83)
at org.openqa.selenium.remote.RemoteWebDriver.execute(RemoteWebDriver.java:548)
at org.openqa.selenium.remote.RemoteWebDriver.findElement(RemoteWebDriver.java:322)
at org.openqa.selenium.remote.RemoteWebDriver.findElementByXPath(RemoteWebDriver.java:424)
at org.openqa.selenium.By$ByXPath.findElement(By.java:353)
at org.openqa.selenium.remote.RemoteWebDriver.findElement(RemoteWebDriver.java:314)
at org.openqa.selenium.support.pagefactory.DefaultElementLocator.findElement(DefaultElementLocator.java:69)
at org.openqa.selenium.support.pagefactory.internal.LocatingElementHandler.invoke(LocatingElementHandler.java:38)
at com.sun.proxy.$Proxy17.getText(Unknown Source)
at pageObjects.UserAccountPage.getUserNameNSurname(UserAccountPage.java:40)
at stepDefinitions.viewOrdHistAutomPractStepDefinition.user_logged_in_account(viewOrdHistAutomPractStepDefinition.java:26)
at âœ½.Given user is logged in to account(userHistoryAutomationPractice.feature:13)
]]>
            </full-stacktrace>
          </exception> <!-- cucumber.runtime.CucumberException -->
          <reporter-output>
          </reporter-output>
        </test-method> <!-- feature -->
        <test-method status="PASS" signature="tearDownClass()[pri:0, instance:MyRunner.TestRunnerAutomationPractice@7c0e2abd]" name="tearDownClass" is-config="true" duration-ms="412" started-at="2018-10-02T08:48:40Z" finished-at="2018-10-02T08:48:40Z">
          <reporter-output>
          </reporter-output>
        </test-method> <!-- tearDownClass -->
      </class> <!-- MyRunner.TestRunnerAutomationPractice -->
    </test> <!-- Workshop Sample -->
  </suite> <!-- BDD Test Suite -->
</testng-results>
